<?xml version="1.0" encoding="UTF-8"?>
<!-- Generated by org.testng.reporters.JUnitXMLReporter -->
<testsuite hostname="D-441008571" ignored="0" name="Default test" tests="3" failures="0" timestamp="09 Feb 2018 06:32:50 GMT" time="140.59" errors="0">
  <testcase name="start" time="15.164" classname="wipro.opencart.Product_Comparison"/>
  <testcase name="prodcomp" time="116.052" classname="wipro.opencart.Product_Comparison"/>
  <testcase name="end" time="6.31" classname="wipro.opencart.Product_Comparison"/>
</testsuite> <!-- Default test -->
