<?xml version="1.0" encoding="UTF-8"?>
<!-- Generated by org.testng.reporters.JUnitXMLReporter -->
<testsuite hostname="D-441008571" ignored="2" name="Test" tests="4" failures="0" timestamp="05 Feb 2018 09:03:59 GMT" time="0.056" errors="0">
  <testcase name="@BeforeTest start" time="0.0" classname="wipro.opencart.OrderHistory">
    <failure type="java.lang.NullPointerException">
      <![CDATA[java.lang.NullPointerException
	at wipro.opencart.OrderHistory.start(OrderHistory.java:14)
... Removed 23 stack frames]]>
    </failure>
  </testcase> <!-- @BeforeTest start -->
  <testcase name="@AfterTest end" time="0.0" classname="wipro.opencart.OrderHistory">
    <skipped/>
  </testcase> <!-- @AfterTest end -->
  <testcase name="Orderhistory" time="0.003" classname="wipro.opencart.OrderHistory">
    <skipped/>
  </testcase> <!-- Orderhistory -->
  <testcase name="start" time="0.003" classname="wipro.opencart.RegistrationAndAddToCart">
    <skipped/>
  </testcase> <!-- start -->
  <testcase name="RegAndAddToCart" time="0.002" classname="wipro.opencart.RegistrationAndAddToCart">
    <skipped/>
  </testcase> <!-- RegAndAddToCart -->
  <testcase name="end" time="0.004" classname="wipro.opencart.RegistrationAndAddToCart">
    <skipped/>
  </testcase> <!-- end -->
  <testcase name="@BeforeSuite startReport" time="0.0" classname="wipro.opencart.method">
    <ignored/>
  </testcase> <!-- @BeforeSuite startReport -->
  <testcase name="@AfterSuite endReport" time="0.0" classname="wipro.opencart.method">
    <ignored/>
  </testcase> <!-- @AfterSuite endReport -->
</testsuite> <!-- Test -->
